<?xml version="1.0" encoding="UTF-8"?>
<testng-results ignored="0" total="5" passed="5" failed="0" skipped="0">
  <reporter-output>
  </reporter-output>
  <suite started-at="2021-05-06T21:15:39Z" name="BDD Test Suite" finished-at="2021-05-06T21:15:45Z" duration-ms="6001">
    <groups>
      <group name="cucumber">
        <method signature="TestNGParallelRunner.runScenario(cucumber.api.testng.PickleEventWrapper, cucumber.api.testng.CucumberFeatureWrapper)[pri:0, instance:ApiExampleProjectParalellTestRunner@33afa13b]" name="runScenario" class="com.crowdar.bdd.cukes.TestNGParallelRunner"/>
      </group> <!-- cucumber -->
    </groups>
    <test started-at="2021-05-06T21:15:39Z" name="Test 1" finished-at="2021-05-06T21:15:45Z" duration-ms="6001">
      <class name="ApiExampleProjectParalellTestRunner">
        <test-method is-config="true" signature="setUpClass()[pri:0, instance:ApiExampleProjectParalellTestRunner@33afa13b]" started-at="2021-05-06T21:15:39Z" name="setUpClass" finished-at="2021-05-06T21:15:40Z" duration-ms="334" status="PASS">
          <reporter-output>
          </reporter-output>
        </test-method> <!-- setUpClass -->
        <test-method signature="runScenario(cucumber.api.testng.PickleEventWrapper, cucumber.api.testng.CucumberFeatureWrapper)[pri:0, instance:ApiExampleProjectParalellTestRunner@33afa13b]" started-at="2021-05-06T21:15:40Z" name="runScenario" description="Runs Cucumber Scenarios" data-provider="scenarios" finished-at="2021-05-06T21:15:44Z" duration-ms="4492" status="PASS">
          <params>
            <param index="0">
              <value>
                <![CDATA["Example scenario for get user data"]]>
              </value>
            </param>
            <param index="1">
              <value>
                <![CDATA["Api example"]]>
              </value>
            </param>
          </params>
          <reporter-output>
          </reporter-output>
        </test-method> <!-- runScenario -->
        <test-method signature="runScenario(cucumber.api.testng.PickleEventWrapper, cucumber.api.testng.CucumberFeatureWrapper)[pri:0, instance:ApiExampleProjectParalellTestRunner@33afa13b]" started-at="2021-05-06T21:15:40Z" name="runScenario" description="Runs Cucumber Scenarios" data-provider="scenarios" finished-at="2021-05-06T21:15:44Z" duration-ms="4491" status="PASS">
          <params>
            <param index="0">
              <value>
                <![CDATA["Example scenario for get user data"]]>
              </value>
            </param>
            <param index="1">
              <value>
                <![CDATA["Api example"]]>
              </value>
            </param>
          </params>
          <reporter-output>
          </reporter-output>
        </test-method> <!-- runScenario -->
        <test-method signature="runScenario(cucumber.api.testng.PickleEventWrapper, cucumber.api.testng.CucumberFeatureWrapper)[pri:0, instance:ApiExampleProjectParalellTestRunner@33afa13b]" started-at="2021-05-06T21:15:40Z" name="runScenario" description="Runs Cucumber Scenarios" data-provider="scenarios" finished-at="2021-05-06T21:15:44Z" duration-ms="4497" status="PASS">
          <params>
            <param index="0">
              <value>
                <![CDATA["Example scenario for get user data"]]>
              </value>
            </param>
            <param index="1">
              <value>
                <![CDATA["Api example"]]>
              </value>
            </param>
          </params>
          <reporter-output>
          </reporter-output>
        </test-method> <!-- runScenario -->
        <test-method signature="runScenario(cucumber.api.testng.PickleEventWrapper, cucumber.api.testng.CucumberFeatureWrapper)[pri:0, instance:ApiExampleProjectParalellTestRunner@33afa13b]" started-at="2021-05-06T21:15:40Z" name="runScenario" description="Runs Cucumber Scenarios" data-provider="scenarios" finished-at="2021-05-06T21:15:45Z" duration-ms="5427" status="PASS">
          <params>
            <param index="0">
              <value>
                <![CDATA["Example scenario for get user data"]]>
              </value>
            </param>
            <param index="1">
              <value>
                <![CDATA["Api example"]]>
              </value>
            </param>
          </params>
          <reporter-output>
          </reporter-output>
        </test-method> <!-- runScenario -->
        <test-method signature="runScenario(cucumber.api.testng.PickleEventWrapper, cucumber.api.testng.CucumberFeatureWrapper)[pri:0, instance:ApiExampleProjectParalellTestRunner@33afa13b]" started-at="2021-05-06T21:15:40Z" name="runScenario" description="Runs Cucumber Scenarios" data-provider="scenarios" finished-at="2021-05-06T21:15:44Z" duration-ms="4493" status="PASS">
          <params>
            <param index="0">
              <value>
                <![CDATA["Example scenario for input parameters"]]>
              </value>
            </param>
            <param index="1">
              <value>
                <![CDATA["Api example"]]>
              </value>
            </param>
          </params>
          <reporter-output>
          </reporter-output>
        </test-method> <!-- runScenario -->
        <test-method is-config="true" signature="tearDownClass()[pri:0, instance:ApiExampleProjectParalellTestRunner@33afa13b]" started-at="2021-05-06T21:15:45Z" name="tearDownClass" finished-at="2021-05-06T21:15:45Z" duration-ms="45" status="PASS">
          <reporter-output>
          </reporter-output>
        </test-method> <!-- tearDownClass -->
      </class> <!-- ApiExampleProjectParalellTestRunner -->
    </test> <!-- Test 1 -->
  </suite> <!-- BDD Test Suite -->
</testng-results>
