<?xml version="1.0" encoding="UTF-8"?>
<!-- Generated by org.testng.reporters.JUnitXMLReporter -->
<testsuite ignored="0" hostname="DESKTOP-FS2H12I" failures="0" tests="5" name="Test 1" time="6.001" errors="0" timestamp="06 may. 2021 21:15:45 GMT">
  <testcase classname="com.crowdar.bdd.cukes.TestNGParallelRunner" name="runScenario" time="4.491"/>
  <testcase classname="com.crowdar.bdd.cukes.TestNGParallelRunner" name="runScenario" time="4.492"/>
  <testcase classname="com.crowdar.bdd.cukes.TestNGParallelRunner" name="runScenario" time="4.493"/>
  <testcase classname="com.crowdar.bdd.cukes.TestNGParallelRunner" name="runScenario" time="4.497"/>
  <testcase classname="com.crowdar.bdd.cukes.TestNGParallelRunner" name="runScenario" time="5.427"/>
</testsuite> <!-- Test 1 -->
